Removed Pin From Net: NetName=TIM2_CH1_ETR Pin=P9-1
Removed Pin From Net: NetName=PA4 Pin=P9-2
Removed Pin From Net: NetName=TIM1_ETR Pin=P9-3
Removed Pin From Net: NetName=PE0 Pin=P9-4
Removed Pin From Net: NetName=TIM3_ETR Pin=P9-5
Removed Pin From Net: NetName=PE2 Pin=P9-6
Removed Pin From Net: NetName=TIM1_BKIN Pin=P9-7
Removed Pin From Net: NetName=PE3 Pin=P9-8
Removed Pin From Net: NetName=PC12 Pin=P9-9
Removed Pin From Net: NetName=PE4 Pin=P9-10
Removed Pin From Net: NetName=PC13 Pin=P9-11
Removed Pin From Net: NetName=PE5 Pin=P9-12
Removed Pin From Net: NetName=PC14 Pin=P9-13
Removed Pin From Net: NetName=PE6 Pin=P9-14
Removed Pin From Net: NetName=PC15 Pin=P9-15
Removed Pin From Net: NetName=PE7 Pin=P9-16
Added Pin To Net: NetName=PE0 Pin=P9-1
Added Pin To Net: NetName=PE2 Pin=P9-3
Added Pin To Net: NetName=PE3 Pin=P9-4
Added Pin To Net: NetName=PE4 Pin=P9-5
Added Pin To Net: NetName=PE5 Pin=P9-6
Added Pin To Net: NetName=PE6 Pin=P9-7
Added Pin To Net: NetName=PC13 Pin=P9-8
Added Pin To Net: NetName=PC14 Pin=P9-9
Added Pin To Net: NetName=PC15 Pin=P9-10
Added Pin To Net: NetName=PE1 Pin=P9-2
Added Pin To Net: NetName=PE1 Pin=U12-98
Added Net: Name=PE1
Added Room: Name=motor-drive
Added Room: Name=stm32-motor4
