Removed Pin From Net: NetName=PC0 Pin=U12-15
Removed Pin From Net: NetName=PC1 Pin=U12-16
Removed Pin From Net: NetName=PC2 Pin=U12-17
Removed Pin From Net: NetName=PC3 Pin=U12-18
Removed Pin From Net: NetName=BREAK_IN9 Pin=U12-39
Removed Pin From Net: NetName=BREAK_IN10 Pin=U12-40
Removed Pin From Net: NetName=BREAK_IN11 Pin=U12-41
Removed Pin From Net: NetName=BREAK_IN12 Pin=U12-42
Removed Pin From Net: NetName=BREAK_IN13 Pin=U12-43
Removed Pin From Net: NetName=BREAK_IN14 Pin=U12-44
Removed Pin From Net: NetName=BREAK_IN15 Pin=U12-45
Removed Pin From Net: NetName=BREAK_IN16 Pin=U12-46
Removed Pin From Net: NetName=BZ Pin=U12-51
Removed Pin From Net: NetName=CLK_1302 Pin=U12-52
Removed Pin From Net: NetName=IO_1302 Pin=U12-53
Removed Pin From Net: NetName=CE_1302 Pin=U12-54
Removed Pin From Net: NetName=DIR_1 Pin=U12-55
Removed Pin From Net: NetName=DIR_2 Pin=U12-56
Removed Pin From Net: NetName=DIR_3 Pin=U12-57
Removed Pin From Net: NetName=DIR_4 Pin=U12-58
Removed Pin From Net: NetName=BREAK_OE1 Pin=U12-65
Removed Pin From Net: NetName=BREAK_DIR1 Pin=U12-66
Removed Pin From Net: NetName=BREAK_OE2 Pin=U12-78
Removed Pin From Net: NetName=BREAK_DIR2 Pin=U12-79
Added Pin To Net: NetName=DIR_1 Pin=U12-15
Added Pin To Net: NetName=DIR_2 Pin=U12-16
Added Pin To Net: NetName=DIR_3 Pin=U12-17
Added Pin To Net: NetName=DIR_4 Pin=U12-18
Added Pin To Net: NetName=BREAK_IN16 Pin=U12-39
Added Pin To Net: NetName=BREAK_IN15 Pin=U12-40
Added Pin To Net: NetName=BREAK_IN14 Pin=U12-41
Added Pin To Net: NetName=BREAK_IN13 Pin=U12-42
Added Pin To Net: NetName=BREAK_IN12 Pin=U12-43
Added Pin To Net: NetName=BREAK_IN11 Pin=U12-44
Added Pin To Net: NetName=BREAK_IN10 Pin=U12-45
Added Pin To Net: NetName=BREAK_IN9 Pin=U12-46
Added Pin To Net: NetName=BREAK_OE1 Pin=U12-51
Added Pin To Net: NetName=BREAK_DIR1 Pin=U12-52
Added Pin To Net: NetName=BREAK_OE2 Pin=U12-53
Added Pin To Net: NetName=BREAK_DIR2 Pin=U12-54
Added Pin To Net: NetName=BZ Pin=U12-55
Added Pin To Net: NetName=CLK_1302 Pin=U12-56
Added Pin To Net: NetName=IO_1302 Pin=U12-57
Added Pin To Net: NetName=CE_1302 Pin=U12-58
Added Pin To Net: NetName=PC0 Pin=U12-65
Added Pin To Net: NetName=PC1 Pin=U12-66
Added Pin To Net: NetName=PC2 Pin=U12-78
Added Pin To Net: NetName=PC3 Pin=U12-79
Added Room: Name=motor-drive
Added Room: Name=stm32-motor4
