Removed Pin From Net: NetName=BREAK_OUT1 Pin=R4-2
Removed Pin From Net: NetName=BREAK_OUT2 Pin=R9-2
Removed Pin From Net: NetName=BREAK_OUT3 Pin=R14-2
Removed Pin From Net: NetName=BREAK_OUT4 Pin=R21-2
Removed Pin From Net: NetName=BREAK_OUT5 Pin=R30-2
Removed Pin From Net: NetName=BREAK_OUT6 Pin=R32-2
Removed Pin From Net: NetName=BREAK_OUT7 Pin=R34-2
Removed Pin From Net: NetName=BREAK_OUT8 Pin=R37-2
Removed Pin From Net: NetName=BREAK_OUT4 Pin=U1-9
Removed Pin From Net: NetName=BREAK_OUT3 Pin=U1-11
Removed Pin From Net: NetName=BREAK_OUT2 Pin=U1-13
Removed Pin From Net: NetName=BREAK_OUT1 Pin=U1-15
Removed Pin From Net: NetName=BREAK_OUT8 Pin=U4-9
Removed Pin From Net: NetName=BREAK_OUT7 Pin=U4-11
Removed Pin From Net: NetName=BREAK_OUT6 Pin=U4-13
Removed Pin From Net: NetName=BREAK_OUT5 Pin=U4-15
Added Pin To Net: NetName=BREAK_OUT4 Pin=R4-2
Added Pin To Net: NetName=BREAK_OUT3 Pin=R9-2
Added Pin To Net: NetName=BREAK_OUT2 Pin=R14-2
Added Pin To Net: NetName=BREAK_OUT1 Pin=R21-2
Added Pin To Net: NetName=BREAK_OUT8 Pin=R30-2
Added Pin To Net: NetName=BREAK_OUT7 Pin=R32-2
Added Pin To Net: NetName=BREAK_OUT6 Pin=R34-2
Added Pin To Net: NetName=BREAK_OUT5 Pin=R37-2
Added Pin To Net: NetName=BREAK_OUT12 Pin=R45-2
Added Pin To Net: NetName=BREAK_OUT11 Pin=R50-2
Added Pin To Net: NetName=BREAK_OUT10 Pin=R57-2
Added Pin To Net: NetName=BREAK_OUT9 Pin=R61-2
Added Pin To Net: NetName=BREAK_OUT16 Pin=R68-2
Added Pin To Net: NetName=BREAK_OUT15 Pin=R70-2
Added Pin To Net: NetName=BREAK_OUT14 Pin=R72-2
Added Pin To Net: NetName=BREAK_OUT13 Pin=R75-2
Added Pin To Net: NetName=BREAK_OUT1 Pin=U1-9
Added Pin To Net: NetName=BREAK_OUT2 Pin=U1-11
Added Pin To Net: NetName=BREAK_OUT3 Pin=U1-13
Added Pin To Net: NetName=BREAK_OUT4 Pin=U1-15
Added Pin To Net: NetName=BREAK_OUT5 Pin=U4-9
Added Pin To Net: NetName=BREAK_OUT6 Pin=U4-11
Added Pin To Net: NetName=BREAK_OUT7 Pin=U4-13
Added Pin To Net: NetName=BREAK_OUT8 Pin=U4-15
Added Pin To Net: NetName=BREAK_OUT9 Pin=U6-9
Added Pin To Net: NetName=BREAK_OUT10 Pin=U6-11
Added Pin To Net: NetName=BREAK_OUT11 Pin=U6-13
Added Pin To Net: NetName=BREAK_OUT12 Pin=U6-15
Added Pin To Net: NetName=BREAK_OUT13 Pin=U9-9
Added Pin To Net: NetName=BREAK_OUT14 Pin=U9-11
Added Pin To Net: NetName=BREAK_OUT15 Pin=U9-13
Added Pin To Net: NetName=BREAK_OUT16 Pin=U9-15
Added Room: Name=motor-drive
Added Room: Name=stm32-motor4
