Removed Pin From Net: NetName=BREAK_OUT1 Pin=R1-1
Removed Pin From Net: NetName=+3.3V_DO Pin=R1-2
Removed Pin From Net: NetName=BREAK_OUT2 Pin=R3-1
Removed Pin From Net: NetName=+3.3V_DO Pin=R3-2
Removed Pin From Net: NetName=BREAK_OUT3 Pin=R5-1
Removed Pin From Net: NetName=+3.3V_DO Pin=R5-2
Removed Pin From Net: NetName=BREAK_OUT4 Pin=R8-1
Removed Pin From Net: NetName=+3.3V_DO Pin=R8-2
Removed Pin From Net: NetName=BREAK_OUT5 Pin=R11-1
Removed Pin From Net: NetName=+3.3V_DO Pin=R11-2
Removed Pin From Net: NetName=BREAK_OUT6 Pin=R13-1
Removed Pin From Net: NetName=+3.3V_DO Pin=R13-2
Removed Pin From Net: NetName=BREAK_OUT7 Pin=R17-1
Removed Pin From Net: NetName=+3.3V_DO Pin=R17-2
Removed Pin From Net: NetName=BREAK_OUT8 Pin=R20-1
Removed Pin From Net: NetName=+3.3V_DO Pin=R20-2
Removed Pin From Net: NetName=BREAK_OUT9 Pin=R39-1
Removed Pin From Net: NetName=+3.3V_DO Pin=R39-2
Removed Pin From Net: NetName=BREAK_OUT10 Pin=R40-1
Removed Pin From Net: NetName=+3.3V_DO Pin=R40-2
Removed Pin From Net: NetName=BREAK_OUT11 Pin=R41-1
Removed Pin From Net: NetName=+3.3V_DO Pin=R41-2
Removed Pin From Net: NetName=BREAK_OUT12 Pin=R43-1
Removed Pin From Net: NetName=+3.3V_DO Pin=R43-2
Removed Pin From Net: NetName=BREAK_OUT13 Pin=R47-1
Removed Pin From Net: NetName=+3.3V_DO Pin=R47-2
Removed Pin From Net: NetName=BREAK_OUT14 Pin=R48-1
Removed Pin From Net: NetName=+3.3V_DO Pin=R48-2
Removed Pin From Net: NetName=BREAK_OUT15 Pin=R52-1
Removed Pin From Net: NetName=+3.3V_DO Pin=R52-2
Removed Pin From Net: NetName=BREAK_OUT16 Pin=R55-1
Removed Pin From Net: NetName=+3.3V_DO Pin=R55-2
Removed Pin From Net: NetName=+5V_IN Pin=R78-1
Removed Pin From Net: NetName=DIR_X Pin=R78-2
Removed Pin From Net: NetName=BREAK_OUT1 Pin=U1-9
Removed Pin From Net: NetName=+3.3V_DO Pin=U1-10
Removed Pin From Net: NetName=BREAK_OUT2 Pin=U1-11
Removed Pin From Net: NetName=+3.3V_DO Pin=U1-12
Removed Pin From Net: NetName=BREAK_OUT3 Pin=U1-13
Removed Pin From Net: NetName=+3.3V_DO Pin=U1-14
Removed Pin From Net: NetName=BREAK_OUT4 Pin=U1-15
Removed Pin From Net: NetName=+3.3V_DO Pin=U1-16
Removed Pin From Net: NetName=BREAK_OUT5 Pin=U4-9
Removed Pin From Net: NetName=+3.3V_DO Pin=U4-10
Removed Pin From Net: NetName=BREAK_OUT6 Pin=U4-11
Removed Pin From Net: NetName=+3.3V_DO Pin=U4-12
Removed Pin From Net: NetName=BREAK_OUT7 Pin=U4-13
Removed Pin From Net: NetName=+3.3V_DO Pin=U4-14
Removed Pin From Net: NetName=BREAK_OUT8 Pin=U4-15
Removed Pin From Net: NetName=+3.3V_DO Pin=U4-16
Removed Pin From Net: NetName=BREAK_OUT9 Pin=U6-9
Removed Pin From Net: NetName=+3.3V_DO Pin=U6-10
Removed Pin From Net: NetName=BREAK_OUT10 Pin=U6-11
Removed Pin From Net: NetName=+3.3V_DO Pin=U6-12
Removed Pin From Net: NetName=BREAK_OUT11 Pin=U6-13
Removed Pin From Net: NetName=+3.3V_DO Pin=U6-14
Removed Pin From Net: NetName=BREAK_OUT12 Pin=U6-15
Removed Pin From Net: NetName=+3.3V_DO Pin=U6-16
Removed Pin From Net: NetName=BREAK_OUT13 Pin=U9-9
Removed Pin From Net: NetName=+3.3V_DO Pin=U9-10
Removed Pin From Net: NetName=BREAK_OUT14 Pin=U9-11
Removed Pin From Net: NetName=+3.3V_DO Pin=U9-12
Removed Pin From Net: NetName=BREAK_OUT15 Pin=U9-13
Removed Pin From Net: NetName=+3.3V_DO Pin=U9-14
Removed Pin From Net: NetName=BREAK_OUT16 Pin=U9-15
Removed Pin From Net: NetName=+3.3V_DO Pin=U9-16
Removed Pin From Net: NetName=DIR_T Pin=U11-9
Removed Pin From Net: NetName=+5V_IN Pin=U11-10
Removed Pin From Net: NetName=DIR_Z Pin=U11-11
Removed Pin From Net: NetName=+5V_IN Pin=U11-12
Removed Pin From Net: NetName=DIR_Y Pin=U11-13
Removed Pin From Net: NetName=+5V_IN Pin=U11-14
Removed Pin From Net: NetName=DIR_X Pin=U11-15
Removed Pin From Net: NetName=+5V_IN Pin=U11-16
Removed Member From Class: ClassName=motor-drive Member=R1
Removed Member From Class: ClassName=motor-drive Member=R3
Removed Member From Class: ClassName=motor-drive Member=R5
Removed Member From Class: ClassName=motor-drive Member=R8
Removed Member From Class: ClassName=motor-drive Member=R11
Removed Member From Class: ClassName=motor-drive Member=R13
Removed Member From Class: ClassName=motor-drive Member=R17
Removed Member From Class: ClassName=motor-drive Member=R20
Removed Member From Class: ClassName=motor-drive Member=R39
Removed Member From Class: ClassName=motor-drive Member=R40
Removed Member From Class: ClassName=motor-drive Member=R41
Removed Member From Class: ClassName=motor-drive Member=R43
Removed Member From Class: ClassName=motor-drive Member=R47
Removed Member From Class: ClassName=motor-drive Member=R48
Removed Member From Class: ClassName=motor-drive Member=R52
Removed Member From Class: ClassName=motor-drive Member=R55
Change Component DesignItemId : Designator=PT5 Old DesignItemId=Header 5 New DesignItemId=Header 6
Change Component DesignItemId : Designator=PX1 Old DesignItemId=Header 5 New DesignItemId=Header 6
Change Component DesignItemId : Designator=PY1 Old DesignItemId=Header 5 New DesignItemId=Header 6
Change Component DesignItemId : Designator=PZ3 Old DesignItemId=Header 5 New DesignItemId=Header 6
Change Component Footprint: Designator=PT5 Old Footprint=HDR1X5 New Footprint=HDR1X6
Change Component Footprint: Designator=PX1 Old Footprint=HDR1X5 New Footprint=HDR1X6
Change Component Footprint: Designator=PY1 Old Footprint=HDR1X5 New Footprint=HDR1X6
Change Component Footprint: Designator=PZ3 Old Footprint=HDR1X5 New Footprint=HDR1X6
Change Component Comment : Designator=PT5 Old Comment=Header 5 New Comment=Header 6
Change Component Comment : Designator=PX1 Old Comment=Header 5 New Comment=Header 6
Change Component Comment : Designator=PY1 Old Comment=Header 5 New Comment=Header 6
Change Component Comment : Designator=PZ3 Old Comment=Header 5 New Comment=Header 6
Added Component: Designator=Power(HDR1X6)
Added Pin To Net: NetName=+5V_IN Pin=Power-1
Added Pin To Net: NetName=DGND Pin=Power-2
Added Pin To Net: NetName=+5V_IN Pin=Power-3
Added Pin To Net: NetName=DGND Pin=Power-4
Added Pin To Net: NetName=+5V_IN Pin=Power-5
Added Pin To Net: NetName=DGND Pin=Power-6
Added Pin To Net: NetName=+3.3V_DO Pin=PT5-6
Added Pin To Net: NetName=+3.3V_DO Pin=PX1-6
Added Pin To Net: NetName=+3.3V_DO Pin=PY1-6
Added Pin To Net: NetName=+3.3V_DO Pin=PZ3-6
Added Pin To Net: NetName=DIR_X Pin=R78-1
Added Pin To Net: NetName=+5V_IN Pin=R78-2
Added Pin To Net: NetName=DGND Pin=U1-9
Added Pin To Net: NetName=BREAK_OUT1 Pin=U1-10
Added Pin To Net: NetName=DGND Pin=U1-11
Added Pin To Net: NetName=BREAK_OUT2 Pin=U1-12
Added Pin To Net: NetName=DGND Pin=U1-13
Added Pin To Net: NetName=BREAK_OUT3 Pin=U1-14
Added Pin To Net: NetName=DGND Pin=U1-15
Added Pin To Net: NetName=BREAK_OUT4 Pin=U1-16
Added Pin To Net: NetName=DGND Pin=U4-9
Added Pin To Net: NetName=BREAK_OUT5 Pin=U4-10
Added Pin To Net: NetName=DGND Pin=U4-11
Added Pin To Net: NetName=BREAK_OUT6 Pin=U4-12
Added Pin To Net: NetName=DGND Pin=U4-13
Added Pin To Net: NetName=BREAK_OUT7 Pin=U4-14
Added Pin To Net: NetName=DGND Pin=U4-15
Added Pin To Net: NetName=BREAK_OUT8 Pin=U4-16
Added Pin To Net: NetName=DGND Pin=U6-9
Added Pin To Net: NetName=BREAK_OUT9 Pin=U6-10
Added Pin To Net: NetName=DGND Pin=U6-11
Added Pin To Net: NetName=BREAK_OUT10 Pin=U6-12
Added Pin To Net: NetName=DGND Pin=U6-13
Added Pin To Net: NetName=BREAK_OUT11 Pin=U6-14
Added Pin To Net: NetName=DGND Pin=U6-15
Added Pin To Net: NetName=BREAK_OUT12 Pin=U6-16
Added Pin To Net: NetName=DGND Pin=U9-9
Added Pin To Net: NetName=BREAK_OUT13 Pin=U9-10
Added Pin To Net: NetName=DGND Pin=U9-11
Added Pin To Net: NetName=BREAK_OUT14 Pin=U9-12
Added Pin To Net: NetName=DGND Pin=U9-13
Added Pin To Net: NetName=BREAK_OUT15 Pin=U9-14
Added Pin To Net: NetName=DGND Pin=U9-15
Added Pin To Net: NetName=BREAK_OUT16 Pin=U9-16
Added Pin To Net: NetName=DGND Pin=U11-9
Added Pin To Net: NetName=DIR_T Pin=U11-10
Added Pin To Net: NetName=DGND Pin=U11-11
Added Pin To Net: NetName=DIR_Z Pin=U11-12
Added Pin To Net: NetName=DGND Pin=U11-13
Added Pin To Net: NetName=DIR_Y Pin=U11-14
Added Pin To Net: NetName=DGND Pin=U11-15
Added Pin To Net: NetName=DIR_X Pin=U11-16
Added Member To Class: ClassName=motor-drive Member=Component Power Header 6
Added Room: Name=motor-drive
Added Room: Name=stm32-motor4
